2024-08-05 23:28:11,331 - INFO - Tester: tester - Restart new story
2024-08-05 23:28:20,808 - INFO - Tester: jjd - Set story:1,chapter:1
2024-08-05 23:28:20,809 - INFO - Tester: jjd - Set story:1,chapter:1
2024-08-05 23:28:20,813 - INFO - Tester: jjd - Set story:1,chapter:1
2024-08-05 23:28:20,828 - INFO - Tester: jjd - Set story:1,chapter:1
2024-08-05 23:28:20,833 - INFO - Tester: jjd - Set story:1,chapter:1
2024-08-05 23:28:20,835 - INFO - Tester: jjd - Set story:1,chapter:1
2024-08-05 23:28:20,847 - INFO - Tester: jjd - Set story:1,chapter:1
2024-08-05 23:28:20,872 - INFO - Tester: jjd - Set story:1,chapter:1
2024-08-05 23:28:23,898 - INFO - Tester: jjd - Set story:1,chapter:1
2024-08-05 23:28:25,741 - INFO - Tester: tester - Prompt:我需要给3-8岁的孩子讲故事。请扩充并讲述这个故事<小乌龟觉得自己的壳很麻烦，所以把壳丢进了河里，小熊发现龟壳可以吹笛，小鸟发现龟壳可以作为自己的巢。他们都感谢小乌龟，小乌龟觉得很开心”，我希望通过这个故事，教育孩子“不要歧视别人”、“珍惜自己的特点”>
在故事中，设计互动点1：<小熊可以用壳做什么>，互动点2：<小鸟可以用壳做什么>.
每一次扩充在250字以内，并且不论互动点1和2如何反馈，都能够传达教育信息。
在互动点中，尽量将孩子的任何回答嵌入故事的发展，假如该回答完全无法嵌入故事，或者与问题毫无关系，请再重复一次互动点处生成的问题。
假如孩子对讲故事这一活动本身有强烈的抗拒，请用耐心的语气劝导，并重复互动点生成的问题。
现在讲述到互动点1时，你需要停下，等待我的反馈。你的回复应当以json格式返回，格式为 {"key":value,...,"key":value} ：
1.故事续写的剧情文本对应的json标签名称为story 
2.互动点1提出的问题文本对应json标签为interact 
3.不要出现括号包含的暗示提示性文本
4.动物、人物不要出现出现名字，直接使用名词\nResponse:{"story":"从前，有一只小乌龟，它总是觉得自己的壳又重又硬，非常麻烦。有一天，它决定把壳脱下来，丢进了附近的小河里。不久后，森林里的小熊在河边玩耍时，发现了这个特别的龟壳。","interact":"小朋友们，你们觉得小熊会用这个龟壳来做些什么有趣的事情呢？"}
2024-08-05 23:28:25,746 - INFO - Tester: jjd - Set story:1,chapter:1
2024-08-05 23:28:26,122 - INFO - Tester: tester - Prompt:我需要给3-8岁的孩子讲故事。请扩充并讲述这个故事<小乌龟觉得自己的壳很麻烦，所以把壳丢进了河里，小熊发现龟壳可以吹笛，小鸟发现龟壳可以作为自己的巢。他们都感谢小乌龟，小乌龟觉得很开心”，我希望通过这个故事，教育孩子“不要歧视别人”、“珍惜自己的特点”>
在故事中，设计互动点1：<小熊可以用壳做什么>，互动点2：<小鸟可以用壳做什么>.
每一次扩充在250字以内，并且不论互动点1和2如何反馈，都能够传达教育信息。
在互动点中，尽量将孩子的任何回答嵌入故事的发展，假如该回答完全无法嵌入故事，或者与问题毫无关系，请再重复一次互动点处生成的问题。
假如孩子对讲故事这一活动本身有强烈的抗拒，请用耐心的语气劝导，并重复互动点生成的问题。
现在讲述到互动点1时，你需要停下，等待我的反馈。你的回复应当以json格式返回，格式为 {"key":value,...,"key":value} ：
1.故事续写的剧情文本对应的json标签名称为story 
2.互动点1提出的问题文本对应json标签为interact 
3.不要出现括号包含的暗示提示性文本
4.动物、人物不要出现出现名字，直接使用名词\nResponse:{"story":"从前，有一只小乌龟，它总是觉得自己的壳又重又硬，非常麻烦。有一天，它决定把壳脱下来，丢进了河里。壳随着河水漂啊漂，不一会儿就被岸边的小熊发现了。","interact":"小朋友们，猜猜看，小熊会用这个龟壳来做什么有趣的事情呢？"}
2024-08-05 23:28:26,129 - INFO - Tester: jjd - Set story:1,chapter:1
2024-08-05 23:28:26,134 - INFO - Tester: jjd - Set story:1,chapter:1
2024-08-05 23:28:26,287 - INFO - Tester: tester - Prompt:我需要给3-8岁的孩子讲故事。请扩充并讲述这个故事<小乌龟觉得自己的壳很麻烦，所以把壳丢进了河里，小熊发现龟壳可以吹笛，小鸟发现龟壳可以作为自己的巢。他们都感谢小乌龟，小乌龟觉得很开心”，我希望通过这个故事，教育孩子“不要歧视别人”、“珍惜自己的特点”>
在故事中，设计互动点1：<小熊可以用壳做什么>，互动点2：<小鸟可以用壳做什么>.
每一次扩充在250字以内，并且不论互动点1和2如何反馈，都能够传达教育信息。
在互动点中，尽量将孩子的任何回答嵌入故事的发展，假如该回答完全无法嵌入故事，或者与问题毫无关系，请再重复一次互动点处生成的问题。
假如孩子对讲故事这一活动本身有强烈的抗拒，请用耐心的语气劝导，并重复互动点生成的问题。
现在讲述到互动点1时，你需要停下，等待我的反馈。你的回复应当以json格式返回，格式为 {"key":value,...,"key":value} ：
1.故事续写的剧情文本对应的json标签名称为story 
2.互动点1提出的问题文本对应json标签为interact 
3.不要出现括号包含的暗示提示性文本
4.动物、人物不要出现出现名字，直接使用名词\nResponse:{"story":"从前，有一只小乌龟，它总是觉得自己的壳又重又硬，非常麻烦。有一天，它决定把壳脱下来，悄悄丢进了河里。","interact":"小朋友们，你们觉得小熊在河边发现了这个龟壳后，可以用它来做什么有趣的事情呢？"}
2024-08-05 23:28:26,292 - INFO - Tester: jjd - Set story:1,chapter:1
2024-08-05 23:28:27,186 - INFO - Tester: tester - Prompt:我需要给3-8岁的孩子讲故事。请扩充并讲述这个故事<小乌龟觉得自己的壳很麻烦，所以把壳丢进了河里，小熊发现龟壳可以吹笛，小鸟发现龟壳可以作为自己的巢。他们都感谢小乌龟，小乌龟觉得很开心”，我希望通过这个故事，教育孩子“不要歧视别人”、“珍惜自己的特点”>
在故事中，设计互动点1：<小熊可以用壳做什么>，互动点2：<小鸟可以用壳做什么>.
每一次扩充在250字以内，并且不论互动点1和2如何反馈，都能够传达教育信息。
在互动点中，尽量将孩子的任何回答嵌入故事的发展，假如该回答完全无法嵌入故事，或者与问题毫无关系，请再重复一次互动点处生成的问题。
假如孩子对讲故事这一活动本身有强烈的抗拒，请用耐心的语气劝导，并重复互动点生成的问题。
现在讲述到互动点1时，你需要停下，等待我的反馈。你的回复应当以json格式返回，格式为 {"key":value,...,"key":value} ：
1.故事续写的剧情文本对应的json标签名称为story 
2.互动点1提出的问题文本对应json标签为interact 
3.不要出现括号包含的暗示提示性文本
4.动物、人物不要出现出现名字，直接使用名词\nResponse:{"story":"从前，有一只小乌龟，它总是觉得背上的壳沉甸甸的，非常麻烦。有一天，它决定把自己的壳脱下来，悄悄丢进了河里。","interact":"小朋友们，你们觉得小熊在河边玩耍时，能用这个特别的龟壳做些什么有趣的事情呢？"}
2024-08-05 23:28:27,201 - INFO - Tester: jjd - Set story:1,chapter:1
2024-08-05 23:28:30,867 - INFO - Tester: tester - Prompt:我需要给3-8岁的孩子讲故事。请扩充并讲述这个故事<小乌龟觉得自己的壳很麻烦，所以把壳丢进了河里，小熊发现龟壳可以吹笛，小鸟发现龟壳可以作为自己的巢。他们都感谢小乌龟，小乌龟觉得很开心”，我希望通过这个故事，教育孩子“不要歧视别人”、“珍惜自己的特点”>
在故事中，设计互动点1：<小熊可以用壳做什么>，互动点2：<小鸟可以用壳做什么>.
每一次扩充在250字以内，并且不论互动点1和2如何反馈，都能够传达教育信息。
在互动点中，尽量将孩子的任何回答嵌入故事的发展，假如该回答完全无法嵌入故事，或者与问题毫无关系，请再重复一次互动点处生成的问题。
假如孩子对讲故事这一活动本身有强烈的抗拒，请用耐心的语气劝导，并重复互动点生成的问题。
现在讲述到互动点1时，你需要停下，等待我的反馈。你的回复应当以json格式返回，格式为 {"key":value,...,"key":value} ：
1.故事续写的剧情文本对应的json标签名称为story 
2.互动点1提出的问题文本对应json标签为interact 
3.不要出现括号包含的暗示提示性文本
4.动物、人物不要出现出现名字，直接使用名词\nResponse:{"story":"在一个阳光明媚的日子，小乌龟感到自己的壳是那么沉重，走路也不方便，于是它做了一个大胆的决定，将自己的壳悄悄丢弃在了清澈的小河边。","interact":"小朋友们，猜猜看，小熊在河边玩耍时发现了这个遗弃的龟壳，它能用这个壳来做什么奇妙的事情呢？"}
2024-08-05 23:28:30,873 - INFO - Tester: jjd - Set story:1,chapter:1
2024-08-05 23:28:31,188 - INFO - Tester: tester - Prompt:我需要给3-8岁的孩子讲故事。请扩充并讲述这个故事<小乌龟觉得自己的壳很麻烦，所以把壳丢进了河里，小熊发现龟壳可以吹笛，小鸟发现龟壳可以作为自己的巢。他们都感谢小乌龟，小乌龟觉得很开心”，我希望通过这个故事，教育孩子“不要歧视别人”、“珍惜自己的特点”>
在故事中，设计互动点1：<小熊可以用壳做什么>，互动点2：<小鸟可以用壳做什么>.
每一次扩充在250字以内，并且不论互动点1和2如何反馈，都能够传达教育信息。
在互动点中，尽量将孩子的任何回答嵌入故事的发展，假如该回答完全无法嵌入故事，或者与问题毫无关系，请再重复一次互动点处生成的问题。
假如孩子对讲故事这一活动本身有强烈的抗拒，请用耐心的语气劝导，并重复互动点生成的问题。
现在讲述到互动点1时，你需要停下，等待我的反馈。你的回复应当以json格式返回，格式为 {"key":value,...,"key":value} ：
1.故事续写的剧情文本对应的json标签名称为story 
2.互动点1提出的问题文本对应json标签为interact 
3.不要出现括号包含的暗示提示性文本
4.动物、人物不要出现出现名字，直接使用名词\nResponse:{"story":"在一个阳光明媚的日子，小乌龟感到自己的壳实在是个大麻烦，就偷偷把它丢进了河里。壳漂浮着，直到被岸边好奇的小熊看见了。","interact":"小朋友们，想象一下，小熊看到这个独特的龟壳，它能用它来做什么好玩的事情呢？"}
2024-08-05 23:28:33,570 - INFO - Tester: tester - Prompt:我需要给3-8岁的孩子讲故事。请扩充并讲述这个故事<小乌龟觉得自己的壳很麻烦，所以把壳丢进了河里，小熊发现龟壳可以吹笛，小鸟发现龟壳可以作为自己的巢。他们都感谢小乌龟，小乌龟觉得很开心”，我希望通过这个故事，教育孩子“不要歧视别人”、“珍惜自己的特点”>
在故事中，设计互动点1：<小熊可以用壳做什么>，互动点2：<小鸟可以用壳做什么>.
每一次扩充在250字以内，并且不论互动点1和2如何反馈，都能够传达教育信息。
在互动点中，尽量将孩子的任何回答嵌入故事的发展，假如该回答完全无法嵌入故事，或者与问题毫无关系，请再重复一次互动点处生成的问题。
假如孩子对讲故事这一活动本身有强烈的抗拒，请用耐心的语气劝导，并重复互动点生成的问题。
现在讲述到互动点1时，你需要停下，等待我的反馈。你的回复应当以json格式返回，格式为 {"key":value,...,"key":value} ：
1.故事续写的剧情文本对应的json标签名称为story 
2.互动点1提出的问题文本对应json标签为interact 
3.不要出现括号包含的暗示提示性文本
4.动物、人物不要出现出现名字，直接使用名词\nResponse:{"story":"从前，有一只小乌龟，他总是觉得自己的壳又重又硬，走路时还会发出咚咚的声音，这让小乌龟感到非常烦恼。有一天，他决定把自己的壳悄悄丢进了村边的小河里。不久后，小熊在河边玩耍时发现了这个圆圆的、空空的龟壳。", "interact":"小熊看了看这个龟壳，你觉得小熊能用它来做什么有趣的事情呢？"}
2024-08-05 23:28:33,576 - INFO - Tester: jjd - Set story:1,chapter:1
2024-08-05 23:28:34,012 - INFO - Tester: tester - Prompt:我需要给3-8岁的孩子讲故事。请扩充并讲述这个故事<小乌龟觉得自己的壳很麻烦，所以把壳丢进了河里，小熊发现龟壳可以吹笛，小鸟发现龟壳可以作为自己的巢。他们都感谢小乌龟，小乌龟觉得很开心”，我希望通过这个故事，教育孩子“不要歧视别人”、“珍惜自己的特点”>
在故事中，设计互动点1：<小熊可以用壳做什么>，互动点2：<小鸟可以用壳做什么>.
每一次扩充在250字以内，并且不论互动点1和2如何反馈，都能够传达教育信息。
在互动点中，尽量将孩子的任何回答嵌入故事的发展，假如该回答完全无法嵌入故事，或者与问题毫无关系，请再重复一次互动点处生成的问题。
假如孩子对讲故事这一活动本身有强烈的抗拒，请用耐心的语气劝导，并重复互动点生成的问题。
现在讲述到互动点1时，你需要停下，等待我的反馈。你的回复应当以json格式返回，格式为 {"key":value,...,"key":value} ：
1.故事续写的剧情文本对应的json标签名称为story 
2.互动点1提出的问题文本对应json标签为interact 
3.不要出现括号包含的暗示提示性文本
4.动物、人物不要出现出现名字，直接使用名词\nResponse:{"story":"从前，有一只小乌龟，它总是觉得背上的壳沉甸甸的，非常麻烦。有一天，它决定把自己的壳脱下来，丢进了附近的小河里。小乌龟刚开始觉得轻松极了，但很快它就开始想念自己的壳，因为它让小乌龟感到安全和与众不同。","interact":"想象一下，如果小熊在河边玩耍时发现了这个龟壳，你觉得小熊会用这个壳来做什么有趣的事情呢？"}
2024-08-05 23:28:34,019 - INFO - Tester: jjd - Set story:1,chapter:1
2024-08-05 23:28:34,068 - INFO - Tester: tester - Prompt:我需要给3-8岁的孩子讲故事。请扩充并讲述这个故事<小乌龟觉得自己的壳很麻烦，所以把壳丢进了河里，小熊发现龟壳可以吹笛，小鸟发现龟壳可以作为自己的巢。他们都感谢小乌龟，小乌龟觉得很开心”，我希望通过这个故事，教育孩子“不要歧视别人”、“珍惜自己的特点”>
在故事中，设计互动点1：<小熊可以用壳做什么>，互动点2：<小鸟可以用壳做什么>.
每一次扩充在250字以内，并且不论互动点1和2如何反馈，都能够传达教育信息。
在互动点中，尽量将孩子的任何回答嵌入故事的发展，假如该回答完全无法嵌入故事，或者与问题毫无关系，请再重复一次互动点处生成的问题。
假如孩子对讲故事这一活动本身有强烈的抗拒，请用耐心的语气劝导，并重复互动点生成的问题。
现在讲述到互动点1时，你需要停下，等待我的反馈。你的回复应当以json格式返回，格式为 {"key":value,...,"key":value} ：
1.故事续写的剧情文本对应的json标签名称为story 
2.互动点1提出的问题文本对应json标签为interact 
3.不要出现括号包含的暗示提示性文本
4.动物、人物不要出现出现名字，直接使用名词\nResponse:{"story":"在一个阳光明媚的日子，小乌龟感到自己的壳又重又硬，它想：‘要是没有这壳，该多轻松啊！’于是，小乌龟趁没人注意，偷偷把自己的壳丢进了小河里。","interact":"小朋友们，想象一下，如果小熊在河边玩时发现了这个漂来的龟壳，它能用龟壳做些什么有创意的游戏或者工具呢？"}
2024-08-05 23:28:34,075 - INFO - Tester: jjd - Set story:1,chapter:1
