2024-08-04 17:54:21,263 - INFO - Set story:1,chapter:1
2024-08-04 17:54:27,135 - INFO - Prompt:我需要给3-8岁的孩子讲故事。请扩充并讲述这个故事<小乌龟觉得自己的壳很麻烦，所以把壳丢进了河里，小熊发现龟壳可以吹笛，小鸟发现龟壳可以作为自己的巢。他们都感谢小乌龟，小乌龟觉得很开心”，我希望通过这个故事，教育孩子“不要歧视别人”、“珍惜自己的特点”>
在故事中，设计互动点1：<小熊可以用壳做什么>，互动点2：<小鸟可以用壳做什么>.
每一次扩充在250字以内，并且不论互动点1和2如何反馈，都能够传达教育信息。
在互动点中，尽量将孩子的任何回答嵌入故事的发展，假如该回答完全无法嵌入故事，或者与问题毫无关系，请再重复一次互动点处生成的问题。
假如孩子对讲故事这一活动本身有强烈的抗拒，请用耐心的语气劝导，并重复互动点生成的问题。
现在讲述到互动点1时，你需要停下，等待我的反馈。你的回复应当以json格式返回，格式为 {"key":value,...,"key":value} ：
1.故事续写的剧情文本对应的json标签名称为story 
2.互动点1提出的问题文本对应json标签为interact 
3.不要出现括号包含的暗示提示性文本
4.动物、人物不要出现出现名字，直接使用名词\nResponse:{"story":"从前，有一只小乌龟，他总是觉得自己的壳又重又硬，非常麻烦。有一天，他决定把壳脱下来，丢进了附近的小河里。不久后，小熊在河边玩耍时发现了这个龟壳。","interact":"小朋友们，猜猜看，小熊会用这个龟壳来做些什么有趣的事情呢？"}
2024-08-04 17:54:33,049 - INFO - Text to Voice:从前，有一只小乌龟，他总是觉得自己的壳又重又硬，非常麻烦。有一天，他决定把壳脱下来，丢进了附近的小河里。不久后，小熊在河边玩耍时发现了这个龟壳。小朋友们，猜猜看，小熊会用这个龟壳来做些什么有趣的事情呢？
2024-08-04 17:55:15,268 - INFO - Voice to Text:做一个房子。
2024-08-04 17:55:16,751 - INFO - Extract Keyword: {'keyword': '房子', 'sketch_object': 'barn'}
2024-08-04 17:55:29,031 - INFO - Save Image:./pic/1_1_20240804_175520.png
2024-08-04 17:55:34,198 - INFO - Set story:1,chapter:2
2024-08-04 17:55:41,668 - INFO - Prompt:对于互动点1的回答为 {做一个房子。} ，请生成反馈，生成反馈时需要注意以下几点：
1、及时给孩子肯定和赞美
2、帮助孩子补充此回答的细节
生成反馈后，讲述直到互动点2停下，等待孩子的反馈。
你的回复应当以纯json格式字符串返回，格式为 {"key":value,...,"key":value} ：
1.故事续写的剧情文本以及反馈对应标签名称为story 
2.互动点2提出的问题文本对应标签为interact 
3.不要出现括号包含的暗示提示性文本
4.动物、人物不要出现出现名字，直接使用名词\nResponse:{"story":"太棒了！小熊确实非常有创意，它想着用龟壳做一个小巧的房子。它小心翼翼地把龟壳带回家，开始装饰它，用树叶做屋顶，用柔软的草铺内垫，一个温馨的小屋就完成了！小熊很高兴，它想谢谢那位无意中帮助了自己的小乌龟。接着，在同一条河边，小鸟也注意到了河里的龟壳。","interact":"小朋友们，你们觉得小鸟会用这个龟壳来做什么呢？会不会也是一个特别的主意呢？"}
2024-08-04 17:55:48,134 - INFO - Text to Voice:太棒了！小熊确实非常有创意，它想着用龟壳做一个小巧的房子。它小心翼翼地把龟壳带回家，开始装饰它，用树叶做屋顶，用柔软的草铺内垫，一个温馨的小屋就完成了！小熊很高兴，它想谢谢那位无意中帮助了自己的小乌龟。接着，在同一条河边，小鸟也注意到了河里的龟壳。小朋友们，你们觉得小鸟会用这个龟壳来做什么呢？会不会也是一个特别的主意呢？
2024-08-04 17:56:14,255 - INFO - Voice to Text:做一个救护车。
2024-08-04 17:56:15,777 - INFO - Extract Keyword: {'keyword': '救护车', 'sketch_object': 'ambulance'}
2024-08-04 17:56:23,816 - INFO - Save Image:./pic/1_2_20240804_175615.png
2024-08-04 17:56:25,534 - INFO - Set story:1,chapter:2
2024-08-04 17:57:03,369 - INFO - Voice to Text:做一个救护车。
2024-08-04 17:57:04,749 - INFO - Extract Keyword: {'keyword': '救护车', 'sketch_object': 'ambulance'}
2024-08-04 17:57:13,314 - INFO - Save Image:./pic/1_2_20240804_175704.png
2024-08-04 17:57:15,573 - INFO - Set story:1,chapter:3
2024-08-04 17:57:24,751 - INFO - Prompt:对于互动点2的回答为 {做一个救护车。} ，请生成反馈，生成反馈时需要注意以下几点：
1、及时给孩子肯定和赞美
2、帮助孩子补充此回答的细节
生成反馈后，直接讲述到结局
在结局后，请根据故事的素材和传达的道理生成3个问题，每个问题提问之后，你需要停下，等待我的反馈，并根据回答内容反馈，反馈内容控制在200词以内。
后续孩子反馈的第一个问题将是Q1，然后依次是Q2，Q3，在Q3回答完毕后，guidance中描述所有环节的总结和反馈。
假如孩子的回答没有正确理解故事传达的道理，你需要耐心的引导孩子理解道理后再问一次。确认孩子理解后，再提下一个问题。你的回复应当以json格式返回，并且格式如下：
你的回复应当以json格式返回，并且格式如下：
1.故事续写的剧情文本以及反馈对应标签名称为story 
2.结尾问题对应标签名称为Q1, Q2，Q3
3.回答问题后生成的反馈文字标签为guidance
4.不要出现括号包含的暗示提示性文本
5.动物、人物不要出现出现名字，直接使用名词\nResponse:{"story":"哇，小鸟用龟壳做救护车的想法真是太有爱心了！它把龟壳清理干净，用树枝做了轮子，用花朵装饰成红十字标志。这样，森林里的小动物们如果受伤了，就能得到及时的帮助。小鸟对自己的创作感到非常自豪，同时也感激那个丢了龟壳的小乌龟。最终，消息传回给了小乌龟，它惊讶地发现自己的壳竟能给朋友们带来这么多快乐和帮助。小乌龟学会了珍惜自己独特的特点，也明白了每个人都有能为世界带来美好的不同之处。","Q1":"小朋友们，小乌龟最开始为什么觉得自己的壳是麻烦的？","Q2":"小乌龟后来为什么感到开心？","Q3":"从这个故事里，我们学到了什么重要的人生小道理呢？"}
2024-08-04 17:57:35,780 - INFO - Text to Voice:哇，小鸟用龟壳做救护车的想法真是太有爱心了！它把龟壳清理干净，用树枝做了轮子，用花朵装饰成红十字标志。这样，森林里的小动物们如果受伤了，就能得到及时的帮助。小鸟对自己的创作感到非常自豪，同时也感激那个丢了龟壳的小乌龟。最终，消息传回给了小乌龟，它惊讶地发现自己的壳竟能给朋友们带来这么多快乐和帮助。小乌龟学会了珍惜自己独特的特点，也明白了每个人都有能为世界带来美好的不同之处。小朋友们，小乌龟最开始为什么觉得自己的壳是麻烦的？
2024-08-04 17:57:44,303 - INFO - Voice to Text:因为他觉得自己口很重。
2024-08-04 17:57:45,857 - INFO - Extract Keyword: {'keyword': '口', 'sketch_object': 'elephant'}
2024-08-04 17:57:48,134 - INFO - Set story:1,chapter:4
2024-08-04 17:57:48,135 - INFO - Set story:1,chapter:4
2024-08-04 17:57:54,379 - INFO - Prompt:针对当前问题，孩子反馈为 {因为他觉得自己口很重。}，生成反馈后等待下一个问题（即之前提出的Q1，Q2，Q3）的孩子的响应，返回应当以json格式返回
1.回答问题后生成的反馈标签为guidance
2.向下一个问题的引导性文字标签为interact
3.不要出现括号包含的暗示提示性文本
4.动物、人物不要出现出现名字，直接使用名词\nResponse:{"guidance":"对了，小乌龟觉得壳很重，走路很慢，所以觉得它是麻烦。但是后来，它发现了自己壳的特别价值。现在，让我们想想下一个问题：小乌龟后来为什么感到开心呢？是不是因为他发现了自己壳的新用途，帮助到了朋友们呢？","interact":"小朋友们，小乌龟后来感到开心的原因是什么呢？是因为它发现了什么？"}
2024-08-04 17:58:01,062 - INFO - Text to Voice:对了，小乌龟觉得壳很重，走路很慢，所以觉得它是麻烦。但是后来，它发现了自己壳的特别价值。现在，让我们想想下一个问题：小乌龟后来为什么感到开心呢？是不是因为他发现了自己壳的新用途，帮助到了朋友们呢？小朋友们，小乌龟后来感到开心的原因是什么呢？是因为它发现了什么？
2024-08-04 17:58:27,206 - INFO - Voice to Text:它的规格帮助到了别人。
2024-08-04 17:58:28,642 - INFO - Extract Keyword: {'keyword': '规格', 'sketch_object': 'elephant'}
2024-08-04 17:58:28,979 - INFO - Set story:1,chapter:5
2024-08-04 17:58:28,980 - INFO - Set story:1,chapter:4
2024-08-04 17:58:37,380 - INFO - Prompt:针对当前问题，孩子反馈为 {它的规格帮助到了别人。}，生成反馈后等待下一个问题（即之前提出的Q1，Q2，Q3）的孩子的响应，返回应当以json格式返回
1.回答问题后生成的反馈标签为guidance
2.向下一个问题的引导性文字标签为interact
3.不要出现括号包含的暗示提示性文本
4.动物、人物不要出现出现名字，直接使用名词\nResponse:{"guidance":"非常对！小乌龟正是因为它的壳——它曾经认为的‘麻烦’，最后帮助到了其他小动物，这使它感到非常开心和有价值。接下来，我们来探讨最后一个也是最重要的问题：从这个故事里，我们学到了什么重要的人生小道理呢？是不是每个人都有自己的特点，这些特点有时候能够帮助到别人，所以我们应该珍惜并善用自己的独特之处呢？","interact":"小朋友们，从这个温馨的故事里，我们学到了什么重要的生活道理呀？是不是关于接受和珍惜自己的不同之处，并利用它们做好事呢？"}
2024-08-04 17:58:46,752 - INFO - Text to Voice:非常对！小乌龟正是因为它的壳——它曾经认为的‘麻烦’，最后帮助到了其他小动物，这使它感到非常开心和有价值。接下来，我们来探讨最后一个也是最重要的问题：从这个故事里，我们学到了什么重要的人生小道理呢？是不是每个人都有自己的特点，这些特点有时候能够帮助到别人，所以我们应该珍惜并善用自己的独特之处呢？小朋友们，从这个温馨的故事里，我们学到了什么重要的生活道理呀？是不是关于接受和珍惜自己的不同之处，并利用它们做好事呢？
2024-08-04 17:59:11,058 - INFO - Voice to Text:人生道理就是我们要发现有价值的事情。
2024-08-04 17:59:12,430 - INFO - Extract Keyword: {'keyword': '事情', 'sketch_object': 'elephant'}
2024-08-04 17:59:13,580 - INFO - Set story:1,chapter:6
2024-08-04 17:59:13,582 - INFO - Set story:1,chapter:5
2024-08-04 17:59:18,554 - INFO - Prompt:针对当前故事和孩子反馈{人生道理就是我们要发现有价值的事情。}，做一个总结性的收尾，100字左右，返回应当以json格式返回
2.收尾文本标签为interact
3.不要出现括号包含的暗示提示性文本
4.动物、人物不要出现出现名字，直接使用名词\nResponse:{"interact":"总结得真好！小朋友们，我们从这个故事中学到，发现自己的独特价值非常重要，就像小乌龟的壳一样，起初看似麻烦，却最终成为了帮助朋友的宝贵工具。我们每个人都有能力做出有意义的事情，只要我们勇于探索和珍惜自己的特点。让我们一起在生活中寻找那些能让自己和他人快乐的‘壳’吧！"}
2024-08-04 17:59:24,966 - INFO - Text to Voice:总结得真好！小朋友们，我们从这个故事中学到，发现自己的独特价值非常重要，就像小乌龟的壳一样，起初看似麻烦，却最终成为了帮助朋友的宝贵工具。我们每个人都有能力做出有意义的事情，只要我们勇于探索和珍惜自己的特点。让我们一起在生活中寻找那些能让自己和他人快乐的‘壳’吧！
2024-08-04 17:59:55,202 - INFO - Restart new story
2024-08-04 18:00:00,079 - INFO - Set story:1,chapter:2
