2024-08-05 23:28:50,970 - INFO - Tester: jjd - Set story:1,chapter:1
2024-08-05 23:28:55,961 - INFO - Tester: tester - Prompt:我需要给3-8岁的孩子讲故事。请扩充并讲述这个故事<小乌龟觉得自己的壳很麻烦，所以把壳丢进了河里，小熊发现龟壳可以吹笛，小鸟发现龟壳可以作为自己的巢。他们都感谢小乌龟，小乌龟觉得很开心”，我希望通过这个故事，教育孩子“不要歧视别人”、“珍惜自己的特点”>
在故事中，设计互动点1：<小熊可以用壳做什么>，互动点2：<小鸟可以用壳做什么>.
每一次扩充在250字以内，并且不论互动点1和2如何反馈，都能够传达教育信息。
在互动点中，尽量将孩子的任何回答嵌入故事的发展，假如该回答完全无法嵌入故事，或者与问题毫无关系，请再重复一次互动点处生成的问题。
假如孩子对讲故事这一活动本身有强烈的抗拒，请用耐心的语气劝导，并重复互动点生成的问题。
现在讲述到互动点1时，你需要停下，等待我的反馈。你的回复应当以json格式返回，格式为 {"key":value,...,"key":value} ：
1.故事续写的剧情文本对应的json标签名称为story 
2.互动点1提出的问题文本对应json标签为interact 
3.不要出现括号包含的暗示提示性文本
4.动物、人物不要出现出现名字，直接使用名词\nResponse:{"story":"从前，有一只小乌龟，它总是觉得自己的壳又重又硬，走路时还会发出咚咚的声音，这让它感到非常麻烦。有一天，小乌龟决定把自己的壳脱下来，丢进了附近的小河里。壳漂啊漂，被岸边玩耍的小熊发现了。","interact":"小熊看到这个圆圆的、空空的龟壳，你觉得它可以用来做什么呢？"}
2024-08-05 23:30:18,840 - INFO - Tester: jjd - Voice to Text:做一个房子。
2024-08-05 23:30:21,409 - INFO - Tester: jjd - Extract Keyword: {'keyword': '房子', 'sketch_object': 'barn'}
2024-08-05 23:30:31,198 - INFO - Tester: jjd - Save Image:./pic/1_1_20240805_233031.png
2024-08-05 23:30:49,221 - INFO - Tester: jjd - Set story:1,chapter:2
2024-08-05 23:30:58,222 - INFO - Tester: tester - Prompt:对于互动点1的回答为 {做一个房子。} ，请生成反馈，生成反馈时需要注意以下几点：
1、及时给孩子肯定和赞美
2、帮助孩子补充此回答的细节
生成反馈后，讲述直到互动点2停下，等待孩子的反馈。
你的回复应当以纯json格式字符串返回，格式为 {"key":value,...,"key":value} ：
1.故事续写的剧情文本以及反馈对应标签名称为story 
2.互动点2提出的问题文本对应标签为interact 
3.不要出现括号包含的暗示提示性文本
4.动物、人物不要出现出现名字，直接使用名词\nResponse:{"story":"小熊听了你的想法，眼睛一亮！它决定用这个龟壳来做一间特别的小房子。它找来树枝和树叶，小心翼翼地装饰着龟壳，不久，一个温馨的小屋在河边建成了。小熊高兴地跳了进去，刚好合适，它对小乌龟感激地说：“谢谢你，让我有了新家！”","interact":"这时候，一只小鸟飞了过来，它围着龟壳转了几圈，似乎也在想着什么。小朋友，你觉得小鸟会用这个龟壳来做什么呢？是不是也能像小熊一样找到特别的用途？"}
2024-08-05 23:31:54,865 - INFO - Tester: jjd - Voice to Text:从小做起。
2024-08-05 23:31:56,615 - INFO - Tester: jjd - Extract Keyword: {'keyword': '做起', 'sketch_object': 'elephant'}
2024-08-05 23:32:07,766 - INFO - Tester: jjd - Save Image:./pic/1_2_20240805_233207.png
2024-08-05 23:32:11,663 - INFO - Tester: jjd - Set story:1,chapter:3
2024-08-05 23:32:21,342 - INFO - Tester: tester - Prompt:对于互动点2的回答为 {从小做起。} ，请生成反馈，生成反馈时需要注意以下几点：
1、及时给孩子肯定和赞美
2、帮助孩子补充此回答的细节
生成反馈后，直接讲述到结局
在结局后，请根据故事的素材和传达的道理生成3个问题，每个问题提问之后，你需要停下，等待我的反馈，并根据回答内容反馈，反馈内容控制在200词以内。
后续孩子反馈的第一个问题将是Q1，然后依次是Q2，Q3，在Q3回答完毕后，guidance中描述所有环节的总结和反馈。
假如孩子的回答没有正确理解故事传达的道理，你需要耐心的引导孩子理解道理后再问一次。确认孩子理解后，再提下一个问题。你的回复应当以json格式返回，并且格式如下：
你的回复应当以json格式返回，并且格式如下：
1.故事续写的剧情文本以及反馈对应标签名称为story 
2.结尾问题对应标签名称为Q1, Q2，Q3
3.回答问题后生成的反馈文字标签为guidance
4.不要出现括号包含的暗示提示性文本
5.动物、人物不要出现出现名字，直接使用名词\nResponse:{"story":"小鸟听了你的话，决定从小事做起，它用嘴轻轻地叼起一些干草和羽毛，一点点地放进了龟壳里。不久，一个柔软又舒适的巢完成了。小鸟高兴地啾啾叫着，对小乌龟说：‘看，我现在有了世界上最温暖的家，谢谢你！’小乌龟看到大家都因为它的壳而快乐，心里暖洋洋的，它终于明白了自己的壳虽然沉重，却是独一无二的宝贝。","Q1":"小乌龟最开始为什么觉得自己的壳是麻烦的？","Q2":"小熊和小鸟是怎么利用小乌龟的壳的？这教会我们什么？","Q3":"如果小乌龟没有丢掉壳，它还能发现自己的壳有哪些好处？"}
2024-08-05 23:35:22,601 - INFO - Tester:  - Set story:1,chapter:4
2024-08-05 23:35:22,608 - INFO - Tester:  - Set story:1,chapter:4
2024-08-05 23:35:22,667 - INFO - Tester:  - Set story:1,chapter:4
2024-08-05 23:35:22,749 - INFO - Tester:  - Set story:1,chapter:4
2024-08-05 23:35:22,830 - INFO - Tester:  - Set story:1,chapter:4
2024-08-05 23:35:22,879 - INFO - Tester:  - Set story:1,chapter:4
2024-08-05 23:35:28,750 - INFO - Tester: tester - Prompt:针对当前问题，孩子反馈为 {从小做起。}，生成反馈后等待下一个问题（即之前提出的Q1，Q2，Q3）的孩子的响应，返回应当以json格式返回
1.回答问题后生成的反馈标签为guidance
2.向下一个问题的引导性文字标签为interact
3.不要出现括号包含的暗示提示性文本
4.动物、人物不要出现出现名字，直接使用名词\nResponse:{"guidance":"‘从小做起’是一个很好的想法！不过这个问题是想让你告诉我小乌龟最初对它的壳感觉如何。想想故事的开始，小乌龟觉得壳是麻烦还是有用呢？","interact":"小乌龟最开始觉得自己的壳是麻烦的还是喜欢的呢？让我们回想一下故事的开头。"}
2024-08-05 23:35:28,805 - INFO - Tester:  - Set story:1,chapter:4
2024-08-05 23:35:28,874 - INFO - Tester:  - Set story:1,chapter:4
2024-08-05 23:35:29,512 - INFO - Tester: tester - Prompt:针对当前问题，孩子反馈为 {从小做起。}，生成反馈后等待下一个问题（即之前提出的Q1，Q2，Q3）的孩子的响应，返回应当以json格式返回
1.回答问题后生成的反馈标签为guidance
2.向下一个问题的引导性文字标签为interact
3.不要出现括号包含的暗示提示性文本
4.动物、人物不要出现出现名字，直接使用名词\nResponse:{"guidance":"你的回答'从小做起'提醒我们每件大事都是从一点一滴开始的，这是个很好的生活态度呢！不过，这个问题其实是想让你思考小乌龟最初对它壳的感受。我们再来试试Q1：小乌龟最初觉得自己的壳怎么样，为什么它会有这样的感觉呢？","interact":"小乌龟最开始觉得自己的壳是麻烦的，是因为它觉得壳太重了，还影响了它做什么呢？"}
2024-08-05 23:35:29,533 - INFO - Tester: tester - Prompt:针对当前问题，孩子反馈为 {从小做起。}，生成反馈后等待下一个问题（即之前提出的Q1，Q2，Q3）的孩子的响应，返回应当以json格式返回
1.回答问题后生成的反馈标签为guidance
2.向下一个问题的引导性文字标签为interact
3.不要出现括号包含的暗示提示性文本
4.动物、人物不要出现出现名字，直接使用名词\nResponse:{"guidance":"很好，'从小做起'是个不错的主意！不过这个问题是想让你思考小乌龟最初对它壳的感受。让我们换个方式想想，小乌龟最开始觉得背着壳很难受，是因为它觉得壳太重了，对吗？接下来，我们聊聊小熊和小鸟是怎么用这个壳的，这能告诉我们什么道理呢？","interact":"小熊和小鸟是怎么利用小乌龟的壳的？这教会我们什么？"}
2024-08-05 23:35:29,637 - INFO - Tester:  - Set story:1,chapter:4
2024-08-05 23:35:29,676 - INFO - Tester:  - Set story:1,chapter:4
2024-08-05 23:35:29,782 - INFO - Tester:  - Set story:1,chapter:4
2024-08-05 23:35:29,964 - INFO - Tester:  - Set story:1,chapter:4
2024-08-05 23:35:34,792 - INFO - Tester: tester - Prompt:针对当前问题，孩子反馈为 {从小做起。}，生成反馈后等待下一个问题（即之前提出的Q1，Q2，Q3）的孩子的响应，返回应当以json格式返回
1.回答问题后生成的反馈标签为guidance
2.向下一个问题的引导性文字标签为interact
3.不要出现括号包含的暗示提示性文本
4.动物、人物不要出现出现名字，直接使用名词\nResponse:{"guidance":"你提到的‘从小做起’是一个积极的态度，不过我们先回到故事里。试试想象自己是那只小乌龟，刚开始它觉得壳是有点重，有点碍事的。我们再说说这个感觉，好吗？","interact":"让我们再试一次，小乌龟开始时觉得它的壳是麻烦的还是快乐的来源呢？"}
2024-08-05 23:35:34,901 - INFO - Tester:  - Set story:1,chapter:4
2024-08-05 23:35:34,975 - INFO - Tester:  - Set story:1,chapter:4
2024-08-05 23:35:41,550 - INFO - Tester: tester - Prompt:针对当前问题，孩子反馈为 {从小做起。}，生成反馈后等待下一个问题（即之前提出的Q1，Q2，Q3）的孩子的响应，返回应当以json格式返回
1.回答问题后生成的反馈标签为guidance
2.向下一个问题的引导性文字标签为interact
3.不要出现括号包含的暗示提示性文本
4.动物、人物不要出现出现名字，直接使用名词\nResponse:{"guidance":"你提到的'从小做起'真是个积极向上的想法！不过，我们的小对话好像有点儿偏离轨道了。让我们回到故事里，想象一下小乌龟、小熊和小鸟的故事教给我们什么。记住，小乌龟起初觉得壳麻烦，但后来它学到了什么呢？","interact":"小乌龟从它的经历中学到了什么？还有，小熊和小鸟是如何展现创造力，用乌龟壳做出了什么？这对我们的生活有什么启示？"}

{"guidance":"你坚持的'从小做起'理念真棒，这说明你懂得每一件大事都始于小步骤。不过，现在我们需要探讨的是故事中小乌龟、小熊和小鸟的经历。特别是，它们的故事教给了我们哪些关于独特性和创造性的宝贵教训？","interact":"让我们再次尝试理解故事的寓意：小乌龟最后意识到了什么？小熊和小鸟的创意使用又告诉了我们什么？"}
2024-08-05 23:35:41,618 - INFO - Tester: tester - Prompt:针对当前问题，孩子反馈为 {从小做起。}，生成反馈后等待下一个问题（即之前提出的Q1，Q2，Q3）的孩子的响应，返回应当以json格式返回
1.回答问题后生成的反馈标签为guidance
2.向下一个问题的引导性文字标签为interact
3.不要出现括号包含的暗示提示性文本
4.动物、人物不要出现出现名字，直接使用名词\nResponse:{"guidance":"你坚持的‘从小做起’精神真的很棒！不过在这个问题上，我们想听听你对于小乌龟故事开始时的感受。想象一下，如果每天都要背着重重的壳，小乌龟可能会觉得怎么样呢？","interact":"让我们换一个角度想，如果小乌龟觉得壳不麻烦，它会怎么做？现在，我们直接进入下一个问题吧：小熊和小鸟是怎么利用小乌龟的壳的？这背后告诉我们一个什么道理呢？"}
2024-08-05 23:35:43,029 - INFO - Tester: tester - Prompt:针对当前问题，孩子反馈为 {从小做起。}，生成反馈后等待下一个问题（即之前提出的Q1，Q2，Q3）的孩子的响应，返回应当以json格式返回
1.回答问题后生成的反馈标签为guidance
2.向下一个问题的引导性文字标签为interact
3.不要出现括号包含的暗示提示性文本
4.动物、人物不要出现出现名字，直接使用名词\nResponse:{"guidance":"你提到的'从小做起'是一个非常积极的态度，值得鼓励！不过，现在我们需要回到故事中的问题。记得小乌龟觉得壳重，所以它做了什么决定？这个决定后来怎样帮助到了小熊和小鸟？","interact":"让我们再次尝试回答Q1：小乌龟最开始觉得自己的壳怎么样，它做了什么事情？接下来，我们也会探讨小熊和小鸟是如何使用那个壳的，以及这背后的意义。"}

{"guidance":"你的'从小做起'理念真的很棒！但在这个情境下，我们想聊的是小乌龟的故事。想象一下，小乌龟觉得壳碍事，就把它丢掉了，之后发生了什么奇妙的事情呢？小熊和小鸟又是怎么利用这个壳的？这给我们上了一课关于什么？","interact":"小乌龟的壳最后怎么帮助了小熊和小鸟？这教给了我们什么道理？让我们一起思考一下。"}
