2024-08-05 23:44:05,939 - INFO - Tester: jjd - Set story:1,chapter:1
2024-08-05 23:44:12,119 - INFO - Tester: tester - Prompt:我需要给3-8岁的孩子讲故事。请扩充并讲述这个故事<小乌龟觉得自己的壳很麻烦，所以把壳丢进了河里，小熊发现龟壳可以吹笛，小鸟发现龟壳可以作为自己的巢。他们都感谢小乌龟，小乌龟觉得很开心”，我希望通过这个故事，教育孩子“不要歧视别人”、“珍惜自己的特点”>
在故事中，设计互动点1：<小熊可以用壳做什么>，互动点2：<小鸟可以用壳做什么>.
每一次扩充在250字以内，并且不论互动点1和2如何反馈，都能够传达教育信息。
在互动点中，尽量将孩子的任何回答嵌入故事的发展，假如该回答完全无法嵌入故事，或者与问题毫无关系，请再重复一次互动点处生成的问题。
假如孩子对讲故事这一活动本身有强烈的抗拒，请用耐心的语气劝导，并重复互动点生成的问题。
现在讲述到互动点1时，你需要停下，等待我的反馈。你的回复应当以json格式返回，格式为 {"key":value,...,"key":value} ：
1.故事续写的剧情文本对应的json标签名称为story 
2.互动点1提出的问题文本对应json标签为interact 
3.不要出现括号包含的暗示提示性文本
4.动物、人物不要出现出现名字，直接使用名词\nResponse:{"story":"从前，有一只小乌龟，它总是觉得自己的壳又重又硬，非常麻烦。有一天，它决定把壳脱下来，丢进了附近的小河里。小乌龟感到前所未有的轻松，但它也开始好奇，没有了壳，它还是不是原来的小乌龟呢？","interact":"小熊在河边玩耍时，发现了河里的龟壳。小朋友，你觉得小熊可以用这个龟壳来做些什么有趣的事情呢？"}
2024-08-05 23:44:45,284 - INFO - Tester: jjd - Voice to Text:做一个。
2024-08-05 23:44:46,864 - INFO - Tester: jjd - Extract Keyword: {'keyword': '房子', 'sketch_object': 'barn'}
2024-08-05 23:44:57,704 - INFO - Tester: jjd - Save Image:./pic/1_1_20240805_234457.png
2024-08-05 23:45:03,220 - INFO - Tester: jjd - Set story:1,chapter:2
2024-08-05 23:45:09,451 - INFO - Tester: tester - Prompt:我需要给3-8岁的孩子讲故事。请扩充并讲述这个故事<小乌龟觉得自己的壳很麻烦，所以把壳丢进了河里，小熊发现龟壳可以吹笛，小鸟发现龟壳可以作为自己的巢。他们都感谢小乌龟，小乌龟觉得很开心”，我希望通过这个故事，教育孩子“不要歧视别人”、“珍惜自己的特点”>
在故事中，设计互动点1：<小熊可以用壳做什么>，互动点2：<小鸟可以用壳做什么>.
每一次扩充在250字以内，并且不论互动点1和2如何反馈，都能够传达教育信息。
在互动点中，尽量将孩子的任何回答嵌入故事的发展，假如该回答完全无法嵌入故事，或者与问题毫无关系，请再重复一次互动点处生成的问题。
假如孩子对讲故事这一活动本身有强烈的抗拒，请用耐心的语气劝导，并重复互动点生成的问题。
现在讲述到互动点1时，你需要停下，等待我的反馈。你的回复应当以json格式返回，格式为 {"key":value,...,"key":value} ：
1.故事续写的剧情文本对应的json标签名称为story 
2.互动点1提出的问题文本对应json标签为interact 
3.不要出现括号包含的暗示提示性文本
4.动物、人物不要出现出现名字，直接使用名词\nResponse:{"story":"小乌龟在阳光下悠闲地散步，突然它感到一种前所未有的自由。但很快，它开始想念那个曾经觉得是负担的壳。正当小乌龟沉浸在思考中，不远处，一只好奇的小熊在河边有了一个惊喜的发现……","interact":"小朋友们，猜猜看，小熊看到河里的龟壳，它能想到用它来做什么有创意的游戏或者工具呢？让我们一起帮小熊想想！"}
2024-08-05 23:45:50,827 - INFO - Tester: jjd - Voice to Text:做一个房子。
2024-08-05 23:45:53,090 - INFO - Tester: jjd - Extract Keyword: {'keyword': '房子', 'sketch_object': 'barn'}
2024-08-05 23:46:01,750 - INFO - Tester: jjd - Save Image:./pic/1_2_20240805_234601.png
2024-08-05 23:46:04,303 - INFO - Tester: jjd - Set story:1,chapter:3
2024-08-05 23:46:04,347 - INFO - Tester: jjd - Set story:1,chapter:3
2024-08-05 23:46:12,425 - INFO - Tester: tester - Prompt:对于互动点2的回答为 {做一个房子。} ，请生成反馈，生成反馈时需要注意以下几点：
1、及时给孩子肯定和赞美
2、帮助孩子补充此回答的细节
生成反馈后，直接讲述到结局
在结局后，请根据故事的素材和传达的道理生成3个问题，每个问题提问之后，你需要停下，等待我的反馈，并根据回答内容反馈，反馈内容控制在200词以内。
后续孩子反馈的第一个问题将是Q1，然后依次是Q2，Q3，在Q3回答完毕后，guidance中描述所有环节的总结和反馈。
假如孩子的回答没有正确理解故事传达的道理，你需要耐心的引导孩子理解道理后再问一次。确认孩子理解后，再提下一个问题。你的回复应当以json格式返回，并且格式如下：
你的回复应当以json格式返回，并且格式如下：
1.故事续写的剧情文本以及反馈对应标签名称为story 
2.结尾问题对应标签名称为Q1, Q2，Q3
3.回答问题后生成的反馈文字标签为guidance
4.不要出现括号包含的暗示提示性文本
5.动物、人物不要出现出现名字，直接使用名词\nResponse:{"story":"太棒了！小熊决定用龟壳做一个特别的房子。它小心翼翼地把龟壳捞起来，仔细清洗干净，然后用树枝和叶子装饰，不久，一个温馨的小窝就建成了。小熊高兴极了，它邀请森林里的朋友们来参观它的新家。这时，一只小鸟飞过来说：‘哇，这壳真好，我也有个主意！’","interact":"","Q1":"小朋友们，你们觉得小鸟会用龟壳做些什么呢？是不是也和小熊一样有创意呢？","guidance":""}
2024-08-05 23:46:18,310 - INFO - Tester: tester - Prompt:对于互动点2的回答为 {做一个房子。} ，请生成反馈，生成反馈时需要注意以下几点：
1、及时给孩子肯定和赞美
2、帮助孩子补充此回答的细节
生成反馈后，直接讲述到结局
在结局后，请根据故事的素材和传达的道理生成3个问题，每个问题提问之后，你需要停下，等待我的反馈，并根据回答内容反馈，反馈内容控制在200词以内。
后续孩子反馈的第一个问题将是Q1，然后依次是Q2，Q3，在Q3回答完毕后，guidance中描述所有环节的总结和反馈。
假如孩子的回答没有正确理解故事传达的道理，你需要耐心的引导孩子理解道理后再问一次。确认孩子理解后，再提下一个问题。你的回复应当以json格式返回，并且格式如下：
你的回复应当以json格式返回，并且格式如下：
1.故事续写的剧情文本以及反馈对应标签名称为story 
2.结尾问题对应标签名称为Q1, Q2，Q3
3.回答问题后生成的反馈文字标签为guidance
4.不要出现括号包含的暗示提示性文本
5.动物、人物不要出现出现名字，直接使用名词\nResponse:{"story":"小熊灵机一动，决定用龟壳做一个特别的房子！它仔细地把龟壳捞起来，清理干净，然后用树枝和叶子装饰，一个温馨的小屋在小熊的努力下完成了。小熊兴奋地邀请朋友们来参观，大家都对这个创意赞不绝口。\n\n不久，一只正在寻找新家的小鸟飞过，它一眼就看中了这个独特的‘壳屋’。小鸟询问小熊是否可以让自己住进去，小熊欣然同意。小鸟高兴地在壳屋里筑起了巢，从此，它有了一个既安全又舒适的家。\n\n小乌龟听说了自己的壳变成了小熊的房子和小鸟的巢，心里感到非常温暖和快乐。它意识到，每一个生命都有它独特的价值和用途，即便是自己曾经嫌弃的壳也不例外。小乌龟学会了珍惜自己与众不同的特点，同时也体会到了帮助别人的喜悦。\n\nQ1：小乌龟最开始为什么觉得自己的壳麻烦？\nQ2：小熊和小鸟是如何利用小乌龟的壳的？这教会了我们什么？\nQ3：从这个故事中，我们可以学到什么关于珍惜自己和他人的道理呢？","guidance":""}
2024-08-05 23:46:23,813 - INFO - Tester: jjd - Set story:1,chapter:4
2024-08-05 23:46:23,908 - INFO - Tester: jjd - Set story:1,chapter:4
2024-08-05 23:46:24,033 - INFO - Tester: jjd - Set story:1,chapter:4
2024-08-05 23:46:24,192 - INFO - Tester: jjd - Set story:1,chapter:4
