2024-08-04 17:50:11,781 - INFO - Set story:1,chapter:1
2024-08-04 17:50:17,204 - INFO - Send Prompt:我需要给3-8岁的孩子讲故事。请扩充并讲述这个故事<小乌龟觉得自己的壳很麻烦，所以把壳丢进了河里，小熊发现龟壳可以吹笛，小鸟发现龟壳可以作为自己的巢。他们都感谢小乌龟，小乌龟觉得很开心”，我希望通过这个故事，教育孩子“不要歧视别人”、“珍惜自己的特点”>
在故事中，设计互动点1：<小熊可以用壳做什么>，互动点2：<小鸟可以用壳做什么>.
每一次扩充在250字以内，并且不论互动点1和2如何反馈，都能够传达教育信息。
在互动点中，尽量将孩子的任何回答嵌入故事的发展，假如该回答完全无法嵌入故事，或者与问题毫无关系，请再重复一次互动点处生成的问题。
假如孩子对讲故事这一活动本身有强烈的抗拒，请用耐心的语气劝导，并重复互动点生成的问题。
现在讲述到互动点1时，你需要停下，等待我的反馈。你的回复应当以json格式返回，格式为 {"key":value,...,"key":value} ：
1.故事续写的剧情文本对应的json标签名称为story 
2.互动点1提出的问题文本对应json标签为interact 
3.不要出现括号包含的暗示提示性文本
4.动物、人物不要出现出现名字，直接使用名词, Response:{"story":"从前，有一只小乌龟，它总是觉得自己的壳又重又硬，走路时还会发出咚咚的声音，这让它感到非常麻烦。有一天，小乌龟决定把自己的壳脱下来，丢进了附近的小河里。壳随着河水漂啊漂，不一会儿就被岸边玩耍的小熊发现了。", "interact":"小熊看着这个圆圆的龟壳，你觉得它可以用来做什么有趣的事情呢？"}
2024-08-04 17:50:40,815 - INFO - Voice to Text:那个租了一个房子。
2024-08-04 17:50:43,147 - INFO - Extract Keyword: {'keyword': '房子', 'sketch_object': 'barn'}
2024-08-04 17:50:52,940 - INFO - Save Image:./pic/1_1_20240804_175044.png
2024-08-04 17:50:56,095 - INFO - Set story:1,chapter:2
2024-08-04 17:51:05,490 - INFO - Send Prompt:对于互动点1的回答为 {那个租了一个房子。} ，请生成反馈，生成反馈时需要注意以下几点：
1、及时给孩子肯定和赞美
2、帮助孩子补充此回答的细节
生成反馈后，讲述直到互动点2停下，等待孩子的反馈。
你的回复应当以纯json格式字符串返回，格式为 {"key":value,...,"key":value} ：
1.故事续写的剧情文本以及反馈对应标签名称为story 
2.互动点2提出的问题文本对应标签为interact 
3.不要出现括号包含的暗示提示性文本
4.动物、人物不要出现出现名字，直接使用名词, Response:{"story":"哎呀，你想到的是小熊可能会用龟壳做一个特别的房子！真是个有创意的想法。小熊确实觉得这个龟壳很特别，它试着吹了吹龟壳，结果发出了美妙的声音，就像吹笛子一样动听。这让小熊非常高兴，它决定把龟壳当作自己的音乐玩具。", "interact":"不久之后，龟壳又被一阵风带到了树上，被一只小鸟看见了。小鸟围着龟壳转了几圈，你觉得小鸟会用这个龟壳来做什么呢？是不是也能想出一个奇妙的用途？"}
