2024-08-04 17:45:44,432 - INFO - Set story: 1, chapter: 1
2024-08-04 17:45:50,230 - INFO - Send Prompt 我需要给3-8岁的孩子讲故事。请扩充并讲述这个故事<小乌龟觉得自己的壳很麻烦，所以把壳丢进了河里，小熊发现龟壳可以吹笛，小鸟发现龟壳可以作为自己的巢。他们都感谢小乌龟，小乌龟觉得很开心”，我希望通过这个故事，教育孩子“不要歧视别人”、“珍惜自己的特点”>
在故事中，设计互动点1：<小熊可以用壳做什么>，互动点2：<小鸟可以用壳做什么>.
每一次扩充在250字以内，并且不论互动点1和2如何反馈，都能够传达教育信息。
在互动点中，尽量将孩子的任何回答嵌入故事的发展，假如该回答完全无法嵌入故事，或者与问题毫无关系，请再重复一次互动点处生成的问题。
假如孩子对讲故事这一活动本身有强烈的抗拒，请用耐心的语气劝导，并重复互动点生成的问题。
现在讲述到互动点1时，你需要停下，等待我的反馈。你的回复应当以json格式返回，格式为 {"key":value,...,"key":value} ：
1.故事续写的剧情文本对应的json标签名称为story 
2.互动点1提出的问题文本对应json标签为interact 
3.不要出现括号包含的暗示提示性文本
4.动物、人物不要出现出现名字，直接使用名词, Response {"story":"从前，有一只小乌龟，他总是觉得自己的壳又重又硬，走路时还会发出咚咚的声音，这让小乌龟感到非常麻烦。有一天，他决定把自己的壳脱下来，丢进了附近的小河里。壳随着河水漂啊漂，不一会儿就被岸边正在玩耍的小熊发现了。", "interact":"小熊看着这个圆圆的、空空的龟壳，你觉得它能用来做什么有趣的事情呢？"}
2024-08-04 17:46:27,530 - INFO - Voice to Text 可以用来做一个房子。
2024-08-04 17:46:28,941 - INFO - Extract Keyword: {'keyword': '房子', 'sketch_object': 'barn'}
2024-08-04 17:46:44,616 - INFO - Save Image ./pic/1_1_20240804_174636.png
2024-08-04 17:46:50,978 - INFO - Set story: 1, chapter: 2
2024-08-04 17:47:04,322 - INFO - Send Prompt 对于互动点1的回答为 {可以用来做一个房子。} ，请生成反馈，生成反馈时需要注意以下几点：
1、及时给孩子肯定和赞美
2、帮助孩子补充此回答的细节
生成反馈后，讲述直到互动点2停下，等待孩子的反馈。
你的回复应当以纯json格式字符串返回，格式为 {"key":value,...,"key":value} ：
1.故事续写的剧情文本以及反馈对应标签名称为story 
2.互动点2提出的问题文本对应标签为interact 
3.不要出现括号包含的暗示提示性文本
4.动物、人物不要出现出现名字，直接使用名词, Response {"story":"小熊听了你的想法，眼睛一亮！它决定用这个壳做一个特别的小房子。它找来树枝和树叶，把龟壳装饰得既温暖又舒适。小熊高兴地说：‘这下我有自己的小屋了，多亏了这个奇妙的壳！’不久，龟壳随着水流继续前行，被树上的一只小鸟看见了。", "interact":"小鸟看着漂来的龟壳，你觉得它会对小鸟有什么帮助呢？或许它可以成为小鸟的一个新家，或者有其他有趣的用途？”}
