2024-08-05 23:38:26,926 - INFO - Tester: tester - Set story:1,chapter:14
2024-08-05 23:38:26,927 - INFO - Tester: tester - Set story:1,chapter:14
2024-08-05 23:38:26,927 - INFO - Tester: tester - Set story:1,chapter:14
2024-08-05 23:38:26,930 - INFO - Tester: tester - Set story:1,chapter:4
2024-08-05 23:38:26,939 - INFO - Tester: tester - Set story:1,chapter:4
2024-08-05 23:38:26,941 - INFO - Tester: tester - Set story:1,chapter:4
2024-08-05 23:38:26,942 - INFO - Tester: tester - Set story:1,chapter:14
2024-08-05 23:38:26,956 - INFO - Tester: tester - Set story:1,chapter:14
2024-08-05 23:38:26,959 - INFO - Tester: tester - Set story:1,chapter:4
2024-08-05 23:38:26,962 - INFO - Tester: tester - Set story:1,chapter:14
2024-08-05 23:38:26,968 - INFO - Tester: tester - Set story:1,chapter:14
2024-08-05 23:38:26,974 - INFO - Tester: tester - Set story:1,chapter:14
2024-08-05 23:38:26,979 - INFO - Tester: tester - Set story:1,chapter:4
2024-08-05 23:38:26,987 - INFO - Tester: tester - Set story:1,chapter:15
2024-08-05 23:38:26,990 - INFO - Tester: tester - Set story:1,chapter:4
2024-08-05 23:38:27,008 - INFO - Tester: tester - Set story:1,chapter:15
2024-08-05 23:38:27,019 - INFO - Tester: tester - Set story:1,chapter:4
2024-08-05 23:38:31,099 - INFO - Tester: tester - Prompt:针对当前问题，孩子反馈为 {从小做起。}，生成反馈后等待下一个问题（即之前提出的Q1，Q2，Q3）的孩子的响应，返回应当以json格式返回
1.回答问题后生成的反馈标签为guidance
2.向下一个问题的引导性文字标签为interact
3.不要出现括号包含的暗示提示性文本
4.动物、人物不要出现出现名字，直接使用名词\nResponse:```json
{
  "guidance": "很好，从小事开始做起确实是一个很棒的方法，它可以让我们逐步建立起好习惯。那么，接下来你想分享一下自己是从哪些小事开始做起的吗？",
  "interact": "讲讲你尝试过的一个小改变或者习惯吧！"
}
```
2024-08-05 23:38:31,105 - INFO - Tester: tester - Set story:1,chapter:15
2024-08-05 23:38:31,109 - INFO - Tester: tester - Set story:1,chapter:4
2024-08-05 23:38:31,396 - INFO - Tester: tester - Prompt:针对当前问题，孩子反馈为 {从小做起。}，生成反馈后等待下一个问题（即之前提出的Q1，Q2，Q3）的孩子的响应，返回应当以json格式返回
1.回答问题后生成的反馈标签为guidance
2.向下一个问题的引导性文字标签为interact
3.不要出现括号包含的暗示提示性文本
4.动物、人物不要出现出现名字，直接使用名词\nResponse:```json
{
  "guidance": "很好，从小事做起的态度是非常重要的，它能帮助我们逐步积累经验，为更大的挑战打下基础。",
  "interact": "接下来，我想了解一下，当你遇到困难时，通常是怎么鼓励自己继续前进的呢？"
}
```
2024-08-05 23:38:31,402 - INFO - Tester: tester - Set story:1,chapter:15
2024-08-05 23:38:31,407 - INFO - Tester: tester - Set story:1,chapter:4
2024-08-05 23:38:31,595 - INFO - Tester: tester - Prompt:针对当前问题，孩子反馈为 {从小做起。}，生成反馈后等待下一个问题（即之前提出的Q1，Q2，Q3）的孩子的响应，返回应当以json格式返回
1.回答问题后生成的反馈标签为guidance
2.向下一个问题的引导性文字标签为interact
3.不要出现括号包含的暗示提示性文本
4.动物、人物不要出现出现名字，直接使用名词\nResponse:```json
{
  "guidance": "很好，从小事开始做起确实是一个很好的方法，它可以让我们逐步建立起习惯和能力。那么接下来，你想分享一下你打算从小事做起的具体计划，或者有没有遇到过什么挑战呢？",
  "interact": "讲讲你的小计划或是遇到的小挑战吧！"
}
```
2024-08-05 23:38:31,601 - INFO - Tester: tester - Set story:1,chapter:15
2024-08-05 23:38:31,608 - INFO - Tester: tester - Set story:1,chapter:4
